<?xml version="1.0" encoding="UTF-8"?>
<!-- Generated by org.testng.reporters.JUnitReportReporter -->
<testsuite hostname="LAPTOP-J0MHOGT2" failures="0" tests="1" name="fst_AssmntExercises.ComputerDatabase" time="18.264" errors="0" timestamp="2022-12-02T18:38:07 IST" skipped="0">
  <testcase classname="fst_AssmntExercises.ComputerDatabase" name="computerDatabase" time="18.264"/>
  <system-out/>
</testsuite> <!-- fst_AssmntExercises.ComputerDatabase -->
