<?xml version="1.0" encoding="UTF-8"?>
<!-- Generated by org.testng.reporters.JUnitReportReporter -->
<testsuite hostname="LAPTOP-J0MHOGT2" failures="0" tests="1" name="fst_Exercises.SaucelabTestNew" time="0.000" errors="0" timestamp="2022-12-02T16:06:51 IST" skipped="1">
  <testcase classname="fst_Exercises.SaucelabTestNew" name="verifyLogin" time="0.000">
    <skipped/>
  </testcase> <!-- verifyLogin -->
  <system-out/>
</testsuite> <!-- fst_Exercises.SaucelabTestNew -->
