<?xml version="1.0" encoding="UTF-8"?>
<!-- Generated by org.testng.reporters.JUnitReportReporter -->
<testsuite hostname="LAPTOP-J0MHOGT2" failures="0" tests="1" name="fst_AssmntExercises.SauceLabTest" time="27.082" errors="0" timestamp="2022-12-02T18:39:45 IST" skipped="0">
  <testcase classname="fst_AssmntExercises.SauceLabTest" name="sauceDemo" time="27.082"/>
  <system-out/>
</testsuite> <!-- fst_AssmntExercises.SauceLabTest -->
